Determining if the pthread_create exist failed with the following output:
Change Dir: /home/kostikan/CLionProjects/C_IZ1/build/CMakeFiles/CMakeTmp

Run Build Command:"/usr/bin/make" "cmTC_6aae1/fast"
/usr/bin/make -f CMakeFiles/cmTC_6aae1.dir/build.make CMakeFiles/cmTC_6aae1.dir/build
make[1]: вход в каталог «/home/kostikan/CLionProjects/C_IZ1/build/CMakeFiles/CMakeTmp»
Building C object CMakeFiles/cmTC_6aae1.dir/CheckSymbolExists.c.o
/usr/bin/cc   -std=c99    -o CMakeFiles/cmTC_6aae1.dir/CheckSymbolExists.c.o   -c /home/kostikan/CLionProjects/C_IZ1/build/CMakeFiles/CMakeTmp/CheckSymbolExists.c
Linking C executable cmTC_6aae1
/usr/bin/cmake -E cmake_link_script CMakeFiles/cmTC_6aae1.dir/link.txt --verbose=1
/usr/bin/cc -std=c99     -rdynamic CMakeFiles/cmTC_6aae1.dir/CheckSymbolExists.c.o  -o cmTC_6aae1 
/usr/bin/ld: CMakeFiles/cmTC_6aae1.dir/CheckSymbolExists.c.o: в функции «main»:
CheckSymbolExists.c:(.text+0x1f): неопределённая ссылка на «pthread_create»
collect2: error: ld returned 1 exit status
make[1]: *** [CMakeFiles/cmTC_6aae1.dir/build.make:87: cmTC_6aae1] Ошибка 1
make[1]: выход из каталога «/home/kostikan/CLionProjects/C_IZ1/build/CMakeFiles/CMakeTmp»
make: *** [Makefile:121: cmTC_6aae1/fast] Ошибка 2

File /home/kostikan/CLionProjects/C_IZ1/build/CMakeFiles/CMakeTmp/CheckSymbolExists.c:
/* */
#include <pthread.h>

int main(int argc, char** argv)
{
  (void)argv;
#ifndef pthread_create
  return ((int*)(&pthread_create))[argc];
#else
  (void)argc;
  return 0;
#endif
}

